0 info it worked if it ends with ok
1 verbose cli [ '/Users/jason/.nvm/versions/node/v6.6.0/bin/node',
1 verbose cli   '/Users/jason/.nvm/versions/node/v6.6.0/bin/npm',
1 verbose cli   'run',
1 verbose cli   'deploy' ]
2 info using npm@3.10.3
3 info using node@v6.6.0
4 verbose run-script [ 'predeploy', 'deploy', 'postdeploy' ]
5 info lifecycle github-battle@1.0.0~predeploy: github-battle@1.0.0
6 verbose lifecycle github-battle@1.0.0~predeploy: unsafe-perm in lifecycle true
7 verbose lifecycle github-battle@1.0.0~predeploy: PATH: /Users/jason/.nvm/versions/node/v6.6.0/lib/node_modules/npm/bin/node-gyp-bin:/Users/jason/wdi/practice/github-battle/node_modules/.bin:/Users/jason/.nvm/versions/node/v6.6.0/bin:/Users/jason/.nvm/versions/node/v6.6.0/bin:/Users/jason/.rvm/gems/ruby-2.3.1/bin:/Users/jason/.rvm/gems/ruby-2.3.1@global/bin:/Users/jason/.rvm/rubies/ruby-2.3.1/bin:/Users/jason/.gem/ruby/2.3.0/bin:/Users/jason/.rubies/ruby-2.3.0/lib/ruby/gems/2.3.0/bin:/Users/jason/.rubies/ruby-2.3.0/bin:/Library/Frameworks/Python.framework/Versions/3.5/bin:/usr/local/bin:/usr/bin:/bin:/usr/sbin:/sbin:/Users/jason/.rvm/bin:/Users/jason/.rvm/bin:/Applications/Postgres.app/Contents/Versions/latest/bin
8 verbose lifecycle github-battle@1.0.0~predeploy: CWD: /Users/jason/wdi/practice/github-battle
9 silly lifecycle github-battle@1.0.0~predeploy: Args: [ '-c', 'npm run build' ]
10 silly lifecycle github-battle@1.0.0~predeploy: Returned: code: 1  signal: null
11 info lifecycle github-battle@1.0.0~predeploy: Failed to exec predeploy script
12 verbose stack Error: github-battle@1.0.0 predeploy: `npm run build`
12 verbose stack Exit status 1
12 verbose stack     at EventEmitter.<anonymous> (/Users/jason/.nvm/versions/node/v6.6.0/lib/node_modules/npm/lib/utils/lifecycle.js:242:16)
12 verbose stack     at emitTwo (events.js:106:13)
12 verbose stack     at EventEmitter.emit (events.js:191:7)
12 verbose stack     at ChildProcess.<anonymous> (/Users/jason/.nvm/versions/node/v6.6.0/lib/node_modules/npm/lib/utils/spawn.js:40:14)
12 verbose stack     at emitTwo (events.js:106:13)
12 verbose stack     at ChildProcess.emit (events.js:191:7)
12 verbose stack     at maybeClose (internal/child_process.js:877:16)
12 verbose stack     at Process.ChildProcess._handle.onexit (internal/child_process.js:226:5)
13 verbose pkgid github-battle@1.0.0
14 verbose cwd /Users/jason/wdi/practice/github-battle
15 error Darwin 16.3.0
16 error argv "/Users/jason/.nvm/versions/node/v6.6.0/bin/node" "/Users/jason/.nvm/versions/node/v6.6.0/bin/npm" "run" "deploy"
17 error node v6.6.0
18 error npm  v3.10.3
19 error code ELIFECYCLE
20 error github-battle@1.0.0 predeploy: `npm run build`
20 error Exit status 1
21 error Failed at the github-battle@1.0.0 predeploy script 'npm run build'.
21 error Make sure you have the latest version of node.js and npm installed.
21 error If you do, this is most likely a problem with the github-battle package,
21 error not with npm itself.
21 error Tell the author that this fails on your system:
21 error     npm run build
21 error You can get information on how to open an issue for this project with:
21 error     npm bugs github-battle
21 error Or if that isn't available, you can get their info via:
21 error     npm owner ls github-battle
21 error There is likely additional logging output above.
22 verbose exit [ 1, true ]
